
> flippi-ai@2.2.0 build:web
> expo export --platform web --output-dir dist

Starting Metro Bundler
Web Bundled 2458ms (node_modules/expo/AppEntry.js)

Exporting 2 bundles for web:
_expo/static/css/web-styles-639f7651a30e118ac73011fab7c7040a.css (3.16 kB)
_expo/static/js/web/AppEntry-391f0fd244cba8403f1d3fa0109a0fde.js (1.16 MB)

Exporting 23 files:
assets/assets/flippiapp2.48929f9a0ee3451a191730d3b52115b7.png (713 kB)
assets/node_modules/@expo/vector-icons/build/vendor/react-native-vector-icons/Fonts/AntDesign.3a2ba31570920eeb9b1d217cabe58315.ttf (70.3 kB)
assets/node_modules/@expo/vector-icons/build/vendor/react-native-vector-icons/Fonts/Entypo.31b5ffea3daddc69dd01a1f3d6cf63c5.ttf (66.2 kB)
assets/node_modules/@expo/vector-icons/build/vendor/react-native-vector-icons/Fonts/EvilIcons.140c53a7643ea949007aa9a282153849.ttf (13.5 kB)
assets/node_modules/@expo/vector-icons/build/vendor/react-native-vector-icons/Fonts/Feather.a76d309774d33d9856f650bed4292a23.ttf (56.2 kB)
assets/node_modules/@expo/vector-icons/build/vendor/react-native-vector-icons/Fonts/FontAwesome.b06871f281fee6b241d60582ae9369b9.ttf (166 kB)
assets/node_modules/@expo/vector-icons/build/vendor/react-native-vector-icons/Fonts/FontAwesome5_Brands.3b89dd103490708d19a95adcae52210e.ttf (134 kB)
assets/node_modules/@expo/vector-icons/build/vendor/react-native-vector-icons/Fonts/FontAwesome5_Regular.1f77739ca9ff2188b539c36f30ffa2be.ttf (33.7 kB)
assets/node_modules/@expo/vector-icons/build/vendor/react-native-vector-icons/Fonts/FontAwesome5_Solid.605ed7926cf39a2ad5ec2d1f9d391d3d.ttf (203 kB)
assets/node_modules/@expo/vector-icons/build/vendor/react-native-vector-icons/Fonts/FontAwesome6_Brands.56c8d80832e37783f12c05db7c8849e2.ttf (209 kB)
assets/node_modules/@expo/vector-icons/build/vendor/react-native-vector-icons/Fonts/FontAwesome6_Regular.370dd5af19f8364907b6e2c41f45dbbf.ttf (68 kB)
assets/node_modules/@expo/vector-icons/build/vendor/react-native-vector-icons/Fonts/FontAwesome6_Solid.adec7d6f310bc577f05e8fe06a5daccf.ttf (424 kB)
assets/node_modules/@expo/vector-icons/build/vendor/react-native-vector-icons/Fonts/Fontisto.b49ae8ab2dbccb02c4d11caaacf09eab.ttf (314 kB)
assets/node_modules/@expo/vector-icons/build/vendor/react-native-vector-icons/Fonts/Foundation.e20945d7c929279ef7a6f1db184a4470.ttf (57 kB)
assets/node_modules/@expo/vector-icons/build/vendor/react-native-vector-icons/Fonts/Ionicons.6148e7019854f3bde85b633cb88f3c25.ttf (443 kB)
assets/node_modules/@expo/vector-icons/build/vendor/react-native-vector-icons/Fonts/MaterialCommunityIcons.b62641afc9ab487008e996a5c5865e56.ttf (1.15 MB)
assets/node_modules/@expo/vector-icons/build/vendor/react-native-vector-icons/Fonts/MaterialIcons.4e85bc9ebe07e0340c9c4fc2f6c38908.ttf (357 kB)
assets/node_modules/@expo/vector-icons/build/vendor/react-native-vector-icons/Fonts/Octicons.f7c53c47a66934504fcbc7cc164895a7.ttf (49.4 kB)
assets/node_modules/@expo/vector-icons/build/vendor/react-native-vector-icons/Fonts/SimpleLineIcons.d2285965fe34b05465047401b8595dd0.ttf (54.1 kB)
assets/node_modules/@expo/vector-icons/build/vendor/react-native-vector-icons/Fonts/Zocial.1681f34aaca71b8dfb70756bca331eb2.ttf (25.8 kB)
favicon.ico (14.5 kB)
index.html (1.31 kB)
metadata.json (49 B)

App exported to: dist
